[2025-01-26 17:35:08,137: INFO: main: welcome to cnnClassifier]
[2025-02-15 11:00:40,117: INFO: common: yaml file: config\config.yaml loaded successfully]
[2025-02-15 11:00:40,152: INFO: common: yaml file: params.yaml loaded successfully]
[2025-02-15 11:00:40,158: INFO: common: created directory at: artifacts]
[2025-02-15 11:00:40,159: INFO: common: created directory at: artifacts/prepare_base_model]
[2025-02-15 11:00:56,095: WARNING: saving_utils: Compiled the loaded model, but the compiled metrics have yet to be built. `model.compile_metrics` will be empty until you train or evaluate the model.]
[2025-02-15 11:13:42,076: INFO: common: yaml file: config\config.yaml loaded successfully]
[2025-02-15 11:13:42,084: INFO: common: yaml file: params.yaml loaded successfully]
[2025-02-15 11:13:42,086: INFO: common: created directory at: artifacts]
[2025-02-15 11:16:28,764: INFO: common: yaml file: config\config.yaml loaded successfully]
[2025-02-15 11:16:28,775: INFO: common: yaml file: params.yaml loaded successfully]
[2025-02-15 11:16:28,783: INFO: common: created directory at: artifacts]
[2025-02-15 11:16:28,789: INFO: common: created directory at: artifacts\training]
[2025-02-15 11:23:10,555: INFO: common: yaml file: config\config.yaml loaded successfully]
[2025-02-15 11:23:10,570: INFO: common: yaml file: params.yaml loaded successfully]
[2025-02-15 11:23:10,575: INFO: common: created directory at: artifacts]
[2025-02-15 11:23:10,580: INFO: common: created directory at: artifacts\training]
[2025-02-15 12:08:48,608: INFO: common: yaml file: config\config.yaml loaded successfully]
[2025-02-15 12:08:48,652: INFO: common: yaml file: params.yaml loaded successfully]
[2025-02-15 12:08:48,658: INFO: common: created directory at: artifacts]
[2025-02-15 12:08:48,662: INFO: common: created directory at: artifacts\training]
[2025-02-15 15:07:42,309: INFO: common: yaml file: config\config.yaml loaded successfully]
[2025-02-15 15:07:42,343: INFO: common: yaml file: params.yaml loaded successfully]
[2025-02-15 15:07:42,348: INFO: common: created directory at: artifacts]
[2025-02-15 15:08:22,650: INFO: common: json file saved at: scores.json]
[2025-02-15 15:08:30,688: WARNING: save: Found untraced functions such as _jit_compiled_convolution_op, _jit_compiled_convolution_op, _jit_compiled_convolution_op, _jit_compiled_convolution_op, _jit_compiled_convolution_op while saving (showing 5 of 14). These functions will not be directly callable after loading.]
[2025-02-15 15:08:32,036: INFO: builder_impl: Assets written to: C:\Users\chann\AppData\Local\Temp\tmp38hdc0tf\model\data\model\assets]
[2025-02-15 15:12:12,406: INFO: common: yaml file: config\config.yaml loaded successfully]
[2025-02-15 15:12:12,420: INFO: common: yaml file: params.yaml loaded successfully]
[2025-02-15 15:12:12,429: INFO: common: created directory at: artifacts]
[2025-02-15 15:12:44,596: INFO: common: json file saved at: scores.json]
[2025-02-15 15:12:47,913: WARNING: save: Found untraced functions such as _jit_compiled_convolution_op, _jit_compiled_convolution_op, _jit_compiled_convolution_op, _jit_compiled_convolution_op, _jit_compiled_convolution_op while saving (showing 5 of 14). These functions will not be directly callable after loading.]
[2025-02-15 15:12:48,730: INFO: builder_impl: Assets written to: C:\Users\chann\AppData\Local\Temp\tmprv31q3zm\model\data\model\assets]
[2025-02-15 15:24:43,656: INFO: _client: HTTP Request: GET https://dagshub.com/api/v1/repos/channawarshri/End-to-End-Chest-Cancer-Prediction-Implementation-using-MLOps-DVC-CICD "HTTP/1.1 200 OK"]
[2025-02-15 15:24:43,698: INFO: helpers: Initialized MLflow to track repo "channawarshri/End-to-End-Chest-Cancer-Prediction-Implementation-using-MLOps-DVC-CICD"]
[2025-02-15 15:24:43,703: INFO: helpers: Repository channawarshri/End-to-End-Chest-Cancer-Prediction-Implementation-using-MLOps-DVC-CICD initialized!]
[2025-02-15 15:24:50,265: INFO: common: yaml file: config\config.yaml loaded successfully]
[2025-02-15 15:24:50,284: INFO: common: yaml file: params.yaml loaded successfully]
[2025-02-15 15:24:50,289: INFO: common: created directory at: artifacts]
[2025-02-15 15:25:15,038: INFO: common: json file saved at: scores.json]
[2025-02-15 15:25:21,995: WARNING: save: Found untraced functions such as _jit_compiled_convolution_op, _jit_compiled_convolution_op, _jit_compiled_convolution_op, _jit_compiled_convolution_op, _jit_compiled_convolution_op while saving (showing 5 of 14). These functions will not be directly callable after loading.]
[2025-02-15 15:25:22,740: INFO: builder_impl: Assets written to: C:\Users\chann\AppData\Local\Temp\tmpddbk96v1\model\data\model\assets]
[2025-02-15 16:10:54,905: INFO: stage_01_data_ingestion: >>>>>> stage Data Ingestion stage started <<<<<<]
[2025-02-15 16:10:54,908: INFO: common: yaml file: config\config.yaml loaded successfully]
[2025-02-15 16:10:54,910: INFO: common: yaml file: params.yaml loaded successfully]
[2025-02-15 16:10:54,911: INFO: common: created directory at: artifacts]
[2025-02-15 16:10:54,913: INFO: common: created directory at: artifacts/data_ingestion]
[2025-02-15 16:10:54,914: INFO: data_ingestion: Downloading data from https://drive.google.com/file/d/1hxjw3DiQuzBCIiehk5ZI0pGR62e6JJQT/view?usp=drive_link into file artifacts/data_ingestion/data.zip]
[2025-02-15 16:11:10,613: INFO: data_ingestion: Downloaded data from https://drive.google.com/file/d/1hxjw3DiQuzBCIiehk5ZI0pGR62e6JJQT/view?usp=drive_link into file artifacts/data_ingestion/data.zip]
[2025-02-15 16:11:11,529: INFO: stage_01_data_ingestion: >>>>>> stage Data Ingestion stage completed <<<<<<

x==========x]
[2025-02-15 18:45:00,721: INFO: stage_01_data_ingestion: >>>>>> stage Data Ingestion stage started <<<<<<]
[2025-02-15 18:45:00,731: INFO: common: yaml file: config\config.yaml loaded successfully]
[2025-02-15 18:45:00,734: INFO: common: yaml file: params.yaml loaded successfully]
[2025-02-15 18:45:00,735: INFO: common: created directory at: artifacts]
[2025-02-15 18:45:00,736: INFO: common: created directory at: artifacts/data_ingestion]
[2025-02-15 18:45:00,737: INFO: data_ingestion: Downloading data from https://drive.google.com/file/d/1hxjw3DiQuzBCIiehk5ZI0pGR62e6JJQT/view?usp=drive_link into file artifacts/data_ingestion/data.zip]
[2025-02-15 18:45:16,199: INFO: data_ingestion: Downloaded data from https://drive.google.com/file/d/1hxjw3DiQuzBCIiehk5ZI0pGR62e6JJQT/view?usp=drive_link into file artifacts/data_ingestion/data.zip]
[2025-02-15 18:45:16,683: INFO: stage_01_data_ingestion: >>>>>> stage Data Ingestion stage completed <<<<<<

x==========x]
[2025-02-15 18:45:39,612: INFO: stage_02_prepare_base_model: *******************]
[2025-02-15 18:45:39,613: INFO: stage_02_prepare_base_model: >>>>>> stage Prepare base model started <<<<<<]
[2025-02-15 18:45:39,616: INFO: common: yaml file: config\config.yaml loaded successfully]
[2025-02-15 18:45:39,619: INFO: common: yaml file: params.yaml loaded successfully]
[2025-02-15 18:45:39,622: INFO: common: created directory at: artifacts]
[2025-02-15 18:45:39,623: INFO: common: created directory at: artifacts/prepare_base_model]
[2025-02-15 18:45:40,399: WARNING: saving_utils: Compiled the loaded model, but the compiled metrics have yet to be built. `model.compile_metrics` will be empty until you train or evaluate the model.]
[2025-02-15 18:45:41,894: INFO: stage_02_prepare_base_model: >>>>>> stage Prepare base model completed <<<<<<

x==========x]
[2025-02-15 18:48:58,131: INFO: stage_02_prepare_base_model: *******************]
[2025-02-15 18:48:58,132: INFO: stage_02_prepare_base_model: >>>>>> stage Prepare base model started <<<<<<]
[2025-02-15 18:48:58,134: INFO: common: yaml file: config\config.yaml loaded successfully]
[2025-02-15 18:48:58,136: INFO: common: yaml file: params.yaml loaded successfully]
[2025-02-15 18:48:58,136: INFO: common: created directory at: artifacts]
[2025-02-15 18:48:58,137: INFO: common: created directory at: artifacts/prepare_base_model]
[2025-02-15 18:48:58,830: WARNING: saving_utils: Compiled the loaded model, but the compiled metrics have yet to be built. `model.compile_metrics` will be empty until you train or evaluate the model.]
[2025-02-15 18:48:59,183: INFO: stage_02_prepare_base_model: >>>>>> stage Prepare base model completed <<<<<<

x==========x]
[2025-02-15 18:49:08,023: INFO: stage_03_model_trainer: *******************]
[2025-02-15 18:49:08,024: INFO: stage_03_model_trainer: >>>>>> stage Training started <<<<<<]
[2025-02-15 18:49:08,027: INFO: common: yaml file: config\config.yaml loaded successfully]
[2025-02-15 18:49:08,028: INFO: common: yaml file: params.yaml loaded successfully]
[2025-02-15 18:49:08,029: INFO: common: created directory at: artifacts]
[2025-02-15 18:49:08,029: INFO: common: created directory at: artifacts\training]
[2025-02-15 19:40:08,113: INFO: stage_03_model_trainer: >>>>>> stage Training completed <<<<<<

x==========x]
[2025-02-15 19:42:34,501: INFO: stage_03_model_trainer: *******************]
[2025-02-15 19:42:34,502: INFO: stage_03_model_trainer: >>>>>> stage Training started <<<<<<]
[2025-02-15 19:42:34,505: INFO: common: yaml file: config\config.yaml loaded successfully]
[2025-02-15 19:42:34,508: INFO: common: yaml file: params.yaml loaded successfully]
[2025-02-15 19:42:34,509: INFO: common: created directory at: artifacts]
[2025-02-15 19:42:34,511: INFO: common: created directory at: artifacts\training]
[2025-02-15 20:40:31,530: INFO: stage_03_model_trainer: >>>>>> stage Training completed <<<<<<

x==========x]
[2025-02-15 20:40:50,289: INFO: stage_04_model_evaluation: *******************]
[2025-02-15 20:40:50,290: INFO: stage_04_model_evaluation: >>>>>> stage Evaluation stage started <<<<<<]
[2025-02-15 20:40:50,294: INFO: common: yaml file: config\config.yaml loaded successfully]
[2025-02-15 20:40:50,296: INFO: common: yaml file: params.yaml loaded successfully]
[2025-02-15 20:40:50,297: INFO: common: created directory at: artifacts]
[2025-02-15 20:41:07,555: INFO: common: json file saved at: scores.json]
[2025-02-15 20:41:07,556: INFO: common: json file saved at: scores.json]
[2025-02-15 20:41:07,556: INFO: stage_04_model_evaluation: >>>>>> stage Evaluation stage completed <<<<<<

x==========x]
